TN:
SF:/Users/cliffano/dev/workspace/swaggy-c/lib/cli.js
FN:11,_exec
FN:38,errorCb
FN:47,successCb
FN:58,exec
FN:64,(anonymous_5)
FNF:5
FNH:5
FNDA:3,_exec
FNDA:2,errorCb
FNDA:1,successCb
FNDA:4,exec
FNDA:248,(anonymous_5)
DA:1,1
DA:2,1
DA:3,1
DA:4,1
DA:5,1
DA:6,1
DA:8,1
DA:9,1
DA:11,1
DA:13,3
DA:14,3
DA:16,3
DA:17,3
DA:18,3
DA:19,3
DA:20,3
DA:22,3
DA:24,3
DA:32,3
DA:38,1
DA:39,2
DA:40,1
DA:41,1
DA:43,1
DA:47,1
DA:48,1
DA:51,3
DA:52,3
DA:58,1
DA:60,4
DA:61,4
DA:63,4
DA:64,4
DA:65,248
DA:68,4
DA:71,1
LF:36
LH:36
BRDA:17,1,0,3
BRDA:17,1,1,3
BRDA:18,2,0,3
BRDA:18,2,1,3
BRDA:19,3,0,3
BRDA:19,3,1,3
BRDA:20,4,0,3
BRDA:20,4,1,3
BRDA:22,5,0,2
BRDA:22,5,1,1
BRDA:39,6,0,1
BRDA:39,6,1,1
BRDA:39,7,0,2
BRDA:39,7,1,1
BRF:14
BRH:14
end_of_record
TN:
SF:/Users/cliffano/dev/workspace/swaggy-c/lib/swaggyc.js
FN:17,SwaggyC
FN:29,(anonymous_2)
FN:32,(anonymous_3)
FN:46,(anonymous_4)
FN:50,(anonymous_5)
FN:69,(anonymous_6)
FN:70,(anonymous_7)
FN:73,(anonymous_8)
FN:75,(anonymous_9)
FNF:9
FNH:9
FNDA:5,SwaggyC
FNDA:2,(anonymous_2)
FNDA:2,(anonymous_3)
FNDA:2,(anonymous_4)
FNDA:4,(anonymous_5)
FNDA:4,(anonymous_6)
FNDA:4,(anonymous_7)
FNDA:3,(anonymous_8)
FNDA:3,(anonymous_9)
DA:1,1
DA:2,1
DA:3,1
DA:4,1
DA:5,1
DA:17,1
DA:18,5
DA:19,5
DA:20,5
DA:29,1
DA:30,2
DA:32,2
DA:33,2
DA:34,1
DA:46,1
DA:47,2
DA:49,2
DA:50,2
DA:52,4
DA:53,4
DA:54,4
DA:55,4
DA:57,4
DA:65,4
DA:68,2
DA:69,2
DA:70,4
DA:71,4
DA:73,4
DA:75,3
DA:76,3
DA:77,3
DA:78,3
DA:82,1
DA:86,2
DA:89,1
LF:36
LH:36
BRDA:33,1,0,1
BRDA:33,1,1,1
BRF:2
BRH:2
end_of_record
TN:
SF:/Users/cliffano/dev/workspace/swaggy-c/lib/runner.js
FN:21,exec
FN:29,(anonymous_2)
FN:36,(anonymous_3)
FN:55,execSeries
FN:57,_exec
FN:59,(anonymous_6)
FNF:6
FNH:6
FNDA:3,exec
FNDA:3,(anonymous_2)
FNDA:3,(anonymous_3)
FNDA:2,execSeries
FNDA:2,_exec
FNDA:2,(anonymous_6)
DA:1,3
DA:2,3
DA:3,3
DA:4,3
DA:5,3
DA:6,3
DA:7,3
DA:21,1
DA:23,3
DA:25,3
DA:26,3
DA:27,3
DA:29,3
DA:30,3
DA:31,1
DA:33,3
DA:36,3
DA:37,3
DA:38,1
DA:40,3
DA:55,1
DA:57,1
DA:58,2
DA:59,2
DA:60,2
DA:61,1
DA:65,2
DA:68,3
DA:69,3
LF:29
LH:29
BRDA:30,1,0,1
BRDA:30,1,1,2
BRDA:37,2,0,1
BRDA:37,2,1,2
BRDA:60,3,0,1
BRDA:60,3,1,1
BRF:6
BRH:6
end_of_record
